mode: set
github.com/klimenkokayot/calc-api-go/pkg/calculation/calculation.go:13.59,16.34 3 1
github.com/klimenkokayot/calc-api-go/pkg/calculation/calculation.go:16.34,17.19 1 1
github.com/klimenkokayot/calc-api-go/pkg/calculation/calculation.go:18.18,19.12 1 1
github.com/klimenkokayot/calc-api-go/pkg/calculation/calculation.go:20.18,21.71 1 1
github.com/klimenkokayot/calc-api-go/pkg/calculation/calculation.go:22.18,23.71 1 1
github.com/klimenkokayot/calc-api-go/pkg/calculation/calculation.go:24.18,25.71 1 1
github.com/klimenkokayot/calc-api-go/pkg/calculation/calculation.go:26.18,27.71 1 1
github.com/klimenkokayot/calc-api-go/pkg/calculation/calculation.go:28.18,29.71 1 1
github.com/klimenkokayot/calc-api-go/pkg/calculation/calculation.go:30.18,31.71 1 1
github.com/klimenkokayot/calc-api-go/pkg/calculation/calculation.go:32.57,35.42 3 1
github.com/klimenkokayot/calc-api-go/pkg/calculation/calculation.go:35.42,37.19 2 1
github.com/klimenkokayot/calc-api-go/pkg/calculation/calculation.go:37.19,40.6 2 1
github.com/klimenkokayot/calc-api-go/pkg/calculation/calculation.go:41.5,41.83 1 1
github.com/klimenkokayot/calc-api-go/pkg/calculation/calculation.go:41.83,42.11 1 1
github.com/klimenkokayot/calc-api-go/pkg/calculation/calculation.go:45.4,46.19 2 1
github.com/klimenkokayot/calc-api-go/pkg/calculation/calculation.go:47.11,48.42 1 1
github.com/klimenkokayot/calc-api-go/pkg/calculation/calculation.go:51.2,51.20 1 1
github.com/klimenkokayot/calc-api-go/pkg/calculation/calculation.go:54.64,56.16 2 1
github.com/klimenkokayot/calc-api-go/pkg/calculation/calculation.go:56.16,58.3 1 1
github.com/klimenkokayot/calc-api-go/pkg/calculation/calculation.go:60.2,70.26 4 1
github.com/klimenkokayot/calc-api-go/pkg/calculation/calculation.go:70.26,71.20 1 1
github.com/klimenkokayot/calc-api-go/pkg/calculation/calculation.go:71.20,73.4 1 1
github.com/klimenkokayot/calc-api-go/pkg/calculation/calculation.go:73.9,74.23 1 1
github.com/klimenkokayot/calc-api-go/pkg/calculation/calculation.go:74.23,76.5 1 1
github.com/klimenkokayot/calc-api-go/pkg/calculation/calculation.go:76.10,77.25 1 1
github.com/klimenkokayot/calc-api-go/pkg/calculation/calculation.go:77.25,79.14 2 1
github.com/klimenkokayot/calc-api-go/pkg/calculation/calculation.go:81.5,81.25 1 1
github.com/klimenkokayot/calc-api-go/pkg/calculation/calculation.go:81.25,82.81 1 1
github.com/klimenkokayot/calc-api-go/pkg/calculation/calculation.go:82.81,85.7 2 1
github.com/klimenkokayot/calc-api-go/pkg/calculation/calculation.go:86.6,86.38 1 1
github.com/klimenkokayot/calc-api-go/pkg/calculation/calculation.go:87.11,88.10 1 1
github.com/klimenkokayot/calc-api-go/pkg/calculation/calculation.go:88.10,89.26 1 1
github.com/klimenkokayot/calc-api-go/pkg/calculation/calculation.go:89.26,91.8 1 1
github.com/klimenkokayot/calc-api-go/pkg/calculation/calculation.go:92.7,92.37 1 1
github.com/klimenkokayot/calc-api-go/pkg/calculation/calculation.go:92.37,94.13 2 1
github.com/klimenkokayot/calc-api-go/pkg/calculation/calculation.go:96.7,97.35 2 1
github.com/klimenkokayot/calc-api-go/pkg/calculation/calculation.go:103.2,103.21 1 1
github.com/klimenkokayot/calc-api-go/pkg/calculation/calculation.go:103.21,106.3 2 1
github.com/klimenkokayot/calc-api-go/pkg/calculation/calculation.go:107.2,107.20 1 1
github.com/klimenkokayot/calc-api-go/pkg/calculation/calculation.go:110.47,112.16 2 1
github.com/klimenkokayot/calc-api-go/pkg/calculation/calculation.go:112.16,114.3 1 1
github.com/klimenkokayot/calc-api-go/pkg/calculation/calculation.go:115.2,116.35 2 1
github.com/klimenkokayot/calc-api-go/pkg/calculation/calculation.go:116.35,117.41 1 1
github.com/klimenkokayot/calc-api-go/pkg/calculation/calculation.go:117.41,119.4 1 1
github.com/klimenkokayot/calc-api-go/pkg/calculation/calculation.go:119.9,120.20 1 1
github.com/klimenkokayot/calc-api-go/pkg/calculation/calculation.go:120.20,122.5 1 1
github.com/klimenkokayot/calc-api-go/pkg/calculation/calculation.go:124.4,129.30 5 1
github.com/klimenkokayot/calc-api-go/pkg/calculation/calculation.go:130.13,131.27 1 1
github.com/klimenkokayot/calc-api-go/pkg/calculation/calculation.go:132.13,133.27 1 1
github.com/klimenkokayot/calc-api-go/pkg/calculation/calculation.go:134.13,135.27 1 1
github.com/klimenkokayot/calc-api-go/pkg/calculation/calculation.go:136.13,137.15 1 1
github.com/klimenkokayot/calc-api-go/pkg/calculation/calculation.go:137.15,139.6 1 1
github.com/klimenkokayot/calc-api-go/pkg/calculation/calculation.go:140.5,140.27 1 1
github.com/klimenkokayot/calc-api-go/pkg/calculation/calculation.go:144.2,144.18 1 1
github.com/klimenkokayot/calc-api-go/pkg/calculation/calculation.go:144.18,146.3 1 1
github.com/klimenkokayot/calc-api-go/pkg/calculation/calculation.go:147.2,147.19 1 1
github.com/klimenkokayot/calc-api-go/pkg/calculation/calculation.go:147.19,149.3 1 1
github.com/klimenkokayot/calc-api-go/pkg/calculation/calculation.go:150.2,150.20 1 1
